<?xml version="1.0" encoding="UTF-8"?>
<!-- Generated by org.testng.reporters.JUnitXMLReporter -->
<testsuite hostname="IND-L056" ignored="0" name="Default test" tests="3" failures="0" timestamp="01 Feb 2020 05:16:15 GMT" time="42.589" errors="0">
  <testcase name="createLeaf" time="3.408" classname="com.leafBot.testcases.TC001_LoginLogOut"/>
  <testcase name="createLeaf" time="3.448" classname="com.leafBot.testcases.TC001_LoginLogOut"/>
  <testcase name="createLeaf" time="2.919" classname="com.leafBot.testcases.TC001_LoginLogOut"/>
</testsuite> <!-- Default test -->
